Using pre-set license
Built from '2020.3/staging' branch; Version is '2020.3.22f1 (e1a7f79fd887) revision 14788599'; Using compiler version '192528614'; Build Type 'Release'
OS: 'Windows 10 Enterprise; OS build 19043.1348; Version 2009; 64bit' Language: 'ru' Physical Memory: 8153 MB
BatchMode: 1, IsHumanControllingUs: 0, StartBugReporterOnCrash: 0, Is64bit: 1, IsPro: 0

COMMAND LINE ARGUMENTS:
C:\Program Files\Unity\Hub\Editor\2020.3.22f1\Editor\Unity.exe
-adb2
-batchMode
-noUpm
-name
AssetImportWorker0
-projectPath
D:/Uniti/GaimOrk
-logFile
Logs/AssetImportWorker0.log
-srvPort
64535
Successfully changed project path to: D:/Uniti/GaimOrk
D:/Uniti/GaimOrk
Using Asset Import Pipeline V2.
Refreshing native plugins compatible for Editor in 43.13 ms, found 2 plugins.
Preloading 0 native plugins for Editor in 0.00 ms.
Initialize engine version: 2020.3.22f1 (e1a7f79fd887)
[Subsystems] Discovering subsystems at path C:/Program Files/Unity/Hub/Editor/2020.3.22f1/Editor/Data/Resources/UnitySubsystems
[Subsystems] Discovering subsystems at path D:/Uniti/GaimOrk/Assets
GfxDevice: creating device client; threaded=0
Direct3D:
    Version:  Direct3D 11.0 [level 11.0]
    Renderer: NVIDIA GeForce GT 730 (ID=0xf02)
    Vendor:   
    VRAM:     1989 MB
    Driver:   23.21.13.9135
Initialize mono
Mono path[0] = 'C:/Program Files/Unity/Hub/Editor/2020.3.22f1/Editor/Data/Managed'
Mono path[1] = 'C:/Program Files/Unity/Hub/Editor/2020.3.22f1/Editor/Data/MonoBleedingEdge/lib/mono/unityjit'
Mono config path = 'C:/Program Files/Unity/Hub/Editor/2020.3.22f1/Editor/Data/MonoBleedingEdge/etc'
Using monoOptions --debugger-agent=transport=dt_socket,embedding=1,server=y,suspend=n,address=127.0.0.1:56116
Begin MonoManager ReloadAssembly
Registering precompiled unity dll's ...
Register platform support module: C:/Program Files/Unity/Hub/Editor/2020.3.22f1/Editor/Data/PlaybackEngines/WindowsStandaloneSupport/UnityEditor.WindowsStandalone.Extensions.dll
Registered in 0.002424 seconds.
Native extension for WindowsStandalone target not found
Refreshing native plugins compatible for Editor in 39.60 ms, found 2 plugins.
Preloading 0 native plugins for Editor in 0.00 ms.
Mono: successfully reloaded assembly
- Completed reload, in  2.278 seconds
Domain Reload Profiling:
	ReloadAssembly (2278ms)
		BeginReloadAssembly (73ms)
			ExecutionOrderSort (0ms)
			DisableScriptedObjects (0ms)
			BackupInstance (0ms)
			ReleaseScriptingObjects (0ms)
			CreateAndSetChildDomain (1ms)
		EndReloadAssembly (517ms)
			LoadAssemblies (70ms)
			RebuildTransferFunctionScriptingTraits (0ms)
			SetupTypeCache (177ms)
			ReleaseScriptCaches (0ms)
			RebuildScriptCaches (38ms)
			SetupLoadedEditorAssemblies (184ms)
				LogAssemblyErrors (0ms)
				InitializePlatformSupportModulesInManaged (4ms)
				SetLoadedEditorAssemblies (0ms)
				RefreshPlugins (40ms)
				BeforeProcessingInitializeOnLoad (9ms)
				ProcessInitializeOnLoadAttributes (97ms)
				ProcessInitializeOnLoadMethodAttributes (33ms)
				AfterProcessingInitializeOnLoad (0ms)
				EditorAssembliesLoaded (0ms)
			ExecutionOrderSort2 (0ms)
			AwakeInstancesAfterBackupRestoration (0ms)
Platform modules already initialized, skipping
Registering precompiled user dll's ...
Registered in 0.003989 seconds.
Begin MonoManager ReloadAssembly
Native extension for WindowsStandalone target not found
Refreshing native plugins compatible for Editor in 0.68 ms, found 2 plugins.
Preloading 0 native plugins for Editor in 0.00 ms.
Mono: successfully reloaded assembly
- Completed reload, in  1.251 seconds
Domain Reload Profiling:
	ReloadAssembly (1251ms)
		BeginReloadAssembly (181ms)
			ExecutionOrderSort (0ms)
			DisableScriptedObjects (6ms)
			BackupInstance (0ms)
			ReleaseScriptingObjects (0ms)
			CreateAndSetChildDomain (22ms)
		EndReloadAssembly (975ms)
			LoadAssemblies (108ms)
			RebuildTransferFunctionScriptingTraits (0ms)
			SetupTypeCache (373ms)
			ReleaseScriptCaches (0ms)
			RebuildScriptCaches (46ms)
			SetupLoadedEditorAssemblies (347ms)
				LogAssemblyErrors (0ms)
				InitializePlatformSupportModulesInManaged (5ms)
				SetLoadedEditorAssemblies (1ms)
				RefreshPlugins (1ms)
				BeforeProcessingInitializeOnLoad (63ms)
				ProcessInitializeOnLoadAttributes (257ms)
				ProcessInitializeOnLoadMethodAttributes (11ms)
				AfterProcessingInitializeOnLoad (9ms)
				EditorAssembliesLoaded (0ms)
			ExecutionOrderSort2 (0ms)
			AwakeInstancesAfterBackupRestoration (8ms)
Platform modules already initialized, skipping
========================================================================
Worker process is ready to serve import requests
Launched and connected shader compiler UnityShaderCompiler.exe after 0.12 seconds
Refreshing native plugins compatible for Editor in 0.50 ms, found 2 plugins.
Preloading 0 native plugins for Editor in 0.00 ms.
Unloading 1542 Unused Serialized files (Serialized files now loaded: 0)
System memory in use before: 72.1 MB.
System memory in use after: 72.2 MB.

Unloading 19 unused Assets to reduce memory usage. Loaded Objects now: 1976.
Total: 3.881500 ms (FindLiveObjects: 0.222900 ms CreateObjectMapping: 0.072700 ms MarkObjects: 3.487800 ms  DeleteObjects: 0.095900 ms)

AssetImportParameters requested are different than current active one (requested -> active):
  custom:framework-win-MediaFoundation: 216162199b28c13a410421893ffa2e32 -> 
  custom:video-decoder-ogg-theora: a1e56fd34408186e4bbccfd4996cb3dc -> 
  custom:container-muxer-webm: aa71ff27fc2769a1b78a27578f13a17b -> 
  custom:container-demuxer-webm: 4f35f7cbe854078d1ac9338744f61a02 -> 
  custom:container-demuxer-ogg: 62fdf1f143b41e24485cea50d1cbac27 -> 
  custom:video-encoder-webm-vp8: eb34c28f22e8b96e1ab97ce403110664 -> 
  custom:video-decoder-webm-vp8: 9c59270c3fd7afecdb556c50c9e8de78 -> 
  custom:audio-decoder-ogg-vorbis: bf7c407c2cedff20999df2af8eb42d56 -> 
  custom:audio-encoder-webm-vorbis: bf7c407c2cedff20999df2af8eb42d56 -> 
========================================================================
Received Import Request.
  path: Assets/FREE_Cartoon_Halloween_Pack/FBX/Cauldron_02.fbx
  artifactKey: Guid(65c60ec06b0707e4f97e1ebf1474a82b) Importer(815301076,1909f56bfc062723c751e8b465ee728b)
Start importing Assets/FREE_Cartoon_Halloween_Pack/FBX/Cauldron_02.fbx using Guid(65c60ec06b0707e4f97e1ebf1474a82b) Importer(815301076,1909f56bfc062723c751e8b465ee728b)  -> (artifact id: '5ac30f17bff8799b45aeb1807c40cbba') in 0.291989 seconds 
  Import took 0.295832 seconds .

========================================================================
Received Import Request.
  Time since last request: 0.000325 seconds.
  path: Assets/FREE_Cartoon_Halloween_Pack/FBX/Floor.fbx
  artifactKey: Guid(7c72443a79db9194a9db29491e06911b) Importer(815301076,1909f56bfc062723c751e8b465ee728b)
Start importing Assets/FREE_Cartoon_Halloween_Pack/FBX/Floor.fbx using Guid(7c72443a79db9194a9db29491e06911b) Importer(815301076,1909f56bfc062723c751e8b465ee728b)  -> (artifact id: 'e4aef81d6ca3d7f0e1a241943754a193') in 0.085901 seconds 
  Import took 0.089816 seconds .

========================================================================
Received Import Request.
  Time since last request: 0.000387 seconds.
  path: Assets/FREE_Cartoon_Halloween_Pack/FBX/Pumpkin_01.fbx
  artifactKey: Guid(64c8fa4b48f26b04bacdc4774a4dfc02) Importer(815301076,1909f56bfc062723c751e8b465ee728b)
Start importing Assets/FREE_Cartoon_Halloween_Pack/FBX/Pumpkin_01.fbx using Guid(64c8fa4b48f26b04bacdc4774a4dfc02) Importer(815301076,1909f56bfc062723c751e8b465ee728b)  -> (artifact id: '115b078ff454157af15740f4f294dc57') in 0.044583 seconds 
  Import took 0.056368 seconds .

========================================================================
Received Import Request.
  Time since last request: 0.000304 seconds.
  path: Assets/FREE_Cartoon_Halloween_Pack/FBX/Fence.fbx
  artifactKey: Guid(a7a58b64dea011e468f54bbaaf84ee2d) Importer(815301076,1909f56bfc062723c751e8b465ee728b)
Start importing Assets/FREE_Cartoon_Halloween_Pack/FBX/Fence.fbx using Guid(a7a58b64dea011e468f54bbaaf84ee2d) Importer(815301076,1909f56bfc062723c751e8b465ee728b)  -> (artifact id: '51dfc1e1a65d1592603c06e667ea4402') in 0.048502 seconds 
  Import took 0.051549 seconds .

========================================================================
Received Import Request.
  Time since last request: 0.000373 seconds.
  path: Assets/FREE_Cartoon_Halloween_Pack/FBX/Cauldron_01.fbx
  artifactKey: Guid(bfd8050d9a207f646a71e823c296d984) Importer(815301076,1909f56bfc062723c751e8b465ee728b)
Start importing Assets/FREE_Cartoon_Halloween_Pack/FBX/Cauldron_01.fbx using Guid(bfd8050d9a207f646a71e823c296d984) Importer(815301076,1909f56bfc062723c751e8b465ee728b)  -> (artifact id: 'beb7d723a42fa8047561a99ddf0a322f') in 0.045513 seconds 
  Import took 0.048619 seconds .

========================================================================
Received Import Request.
  Time since last request: 0.000295 seconds.
  path: Assets/FREE_Cartoon_Halloween_Pack/FBX/Lamp_03.fbx
  artifactKey: Guid(4bc5ff3961e887c49a7a0b1d82655002) Importer(815301076,1909f56bfc062723c751e8b465ee728b)
Start importing Assets/FREE_Cartoon_Halloween_Pack/FBX/Lamp_03.fbx using Guid(4bc5ff3961e887c49a7a0b1d82655002) Importer(815301076,1909f56bfc062723c751e8b465ee728b)  -> (artifact id: 'f6cd0ab57e25f7b5cc5b6b41b2f3cbec') in 0.040644 seconds 
  Import took 0.043763 seconds .

========================================================================
Received Import Request.
  Time since last request: 0.000278 seconds.
  path: Assets/FREE_Cartoon_Halloween_Pack/FBX/Lamp_02.fbx
  artifactKey: Guid(fb1abfeda125f3f4d8006c5b90be13f7) Importer(815301076,1909f56bfc062723c751e8b465ee728b)
Start importing Assets/FREE_Cartoon_Halloween_Pack/FBX/Lamp_02.fbx using Guid(fb1abfeda125f3f4d8006c5b90be13f7) Importer(815301076,1909f56bfc062723c751e8b465ee728b)  -> (artifact id: '23337aae887fc231a050f8ed49338c35') in 0.039217 seconds 
  Import took 0.042382 seconds .

========================================================================
Received Import Request.
  Time since last request: 0.000307 seconds.
  path: Assets/FREE_Cartoon_Halloween_Pack/FBX/Lamp_01.fbx
  artifactKey: Guid(a838677d75b40ed4d92e38a95d2fc232) Importer(815301076,1909f56bfc062723c751e8b465ee728b)
Start importing Assets/FREE_Cartoon_Halloween_Pack/FBX/Lamp_01.fbx using Guid(a838677d75b40ed4d92e38a95d2fc232) Importer(815301076,1909f56bfc062723c751e8b465ee728b)  -> (artifact id: 'a47fc7772c0afadf039057819f75eef8') in 0.041801 seconds 
  Import took 0.046153 seconds .

========================================================================
Received Import Request.
  Time since last request: 130.365540 seconds.
  path: Assets/AurynSky/Forest Pack/Prefabs/MyScripts/VragOrk1.cs
  artifactKey: Guid(c99aef627cf29694782c3d91539e0571) Importer(815301076,1909f56bfc062723c751e8b465ee728b)
Start importing Assets/AurynSky/Forest Pack/Prefabs/MyScripts/VragOrk1.cs using Guid(c99aef627cf29694782c3d91539e0571) Importer(815301076,1909f56bfc062723c751e8b465ee728b)  -> (artifact id: 'a57d8b4649bb6e7bc67615d96229a408') in 0.029254 seconds 
  Import took 0.050765 seconds .

AssetImportWorkerClient::OnTransportError - code=2 error=End of file
